Drill Listing
=============
Drill: .00787  Tool: 1  Feed: 0  Speed: 0
X 105000  Y 140000
X 105000  Y 145000
X 110000  Y 150000
X 105000  Y 150000
X 105000  Y 155000
X 110000  Y 155000
X 115000  Y 155000
X 120000  Y 155000
X 125000  Y 155000
X 110000  Y 160000
X 105000  Y 160000
X 125000  Y 160000
X 120000  Y 160000
X 115000  Y 160000
X 119685  Y 182244
X 128070  Y 210236
X 105000  Y 255000
X 110000  Y 255000
X 125000  Y 255000
X 120000  Y 255000
X 115000  Y 255000
X 110000  Y 260000
X 105000  Y 260000
X 115000  Y 260000
X 120000  Y 260000
X 125000  Y 260000
X 110000  Y 265000
X 105000  Y 265000
X 125000  Y 265000
X 120000  Y 265000
X 115000  Y 265000
X 105000  Y 270000
X 110000  Y 270000
X 115000  Y 270000
X 120000  Y 270000
X 125000  Y 270000
X 110000  Y 275000
X 105000  Y 275000
X 125000  Y 275000
X 120000  Y 275000
X 115000  Y 275000
X 105000  Y 280000
X 105000  Y 285000
X 105000  Y 290000
X 130000  Y 325000
X 135000  Y 325000
X 140000  Y 325000
X 130000  Y 320000
X 140000  Y 320000
X 135000  Y 320000
X 130000  Y 315000
X 135000  Y 315000
X 140000  Y 315000
X 130000  Y 310000
X 140000  Y 310000
X 135000  Y 310000
X 130000  Y 305000
X 135000  Y 305000
X 140000  Y 305000
X 130000  Y 300000
X 140000  Y 300000
X 135000  Y 300000
X 130000  Y 295000
X 135000  Y 295000
X 140000  Y 295000
X 140000  Y 290000
X 135000  Y 290000
X 140000  Y 285000
X 135000  Y 285000
X 135000  Y 280000
X 130000  Y 280000
X 140000  Y 280000
X 140000  Y 275000
X 135000  Y 275000
X 130000  Y 275000
X 135000  Y 270000
X 130000  Y 270000
X 140000  Y 270000
X 140000  Y 265000
X 130000  Y 265000
X 135000  Y 265000
X 140000  Y 260000
X 135000  Y 260000
X 130000  Y 260000
X 140000  Y 255000
X 135000  Y 255000
X 130000  Y 255000
X 134803  Y 214173
X 130000  Y 160000
X 135000  Y 160000
X 140000  Y 160000
X 140000  Y 155000
X 135000  Y 155000
X 130000  Y 155000
X 135000  Y 150000
X 140000  Y 150000
X 130000  Y 150000
X 170370  Y 130531
X 170625  Y 138208
X 204602  Y 195614
X 200598  Y 214149
X 186614  Y 248464
X 186614  Y 258464
X 186614  Y 268464
X 186614  Y 278464
X 186614  Y 288464
X 230000  Y 305000
X 250000  Y 305000
X 245000  Y 305000
X 240000  Y 305000
X 235000  Y 305000
X 230000  Y 300000
X 250000  Y 300000
X 245000  Y 300000
X 240000  Y 300000
X 235000  Y 300000
X 250500  Y 287000
X 233000  Y 287000
X 245000  Y 281299
X 235039  Y 266929
X 243700  Y 266929
X 252362  Y 266929
X 213858  Y 207110
X 209409  Y 204527
X 209409  Y 192834
X 213858  Y 190248
X 221220  Y 151417
X 221181  Y 133740
X 270984  Y 113661
X 274555  Y 116133
X 263267  Y 118503
X 270984  Y 142637
X 274555  Y 152007
X 276177  Y 192834
X 279259  Y 195614
X 266062  Y 198622
X 278700  Y 206220
X 276177  Y 221602
X 278700  Y 260157
X 256692  Y 266929
X 258818  Y 293149
X 260000  Y 300000
X 255000  Y 300000
X 265000  Y 300000
X 265000  Y 305000
X 260000  Y 305000
X 255000  Y 305000
X 291299  Y 294881
X 288937  Y 292913
X 295866  Y 290944
X 286456  Y 288976
X 293779  Y 287007
X 283818  Y 283779
X 281968  Y 229515
X 299409  Y 219803
X 301377  Y 215551
X 301692  Y 207677
X 304881  Y 203740
X 301692  Y 201771
X 304881  Y 197834
X 281968  Y 190248
X 304881  Y 184015
X 285366  Y 184015
X 281106  Y 181110
X 304881  Y 166929
X 304881  Y 134921
X 286811  Y 131496
X 301692  Y 128346
X 290039  Y 119448
X 313346  Y 112244
X 310492  Y 126374
X 310826  Y 132283
X 308031  Y 137200
X 323437  Y 147039
X 308031  Y 175590
X 328559  Y 180767
X 308031  Y 184645
X 322736  Y 193110
X 308031  Y 199751
X 308031  Y 205708
X 308031  Y 213582
X 324606  Y 225787
X 310122  Y 227255
X 328543  Y 228622
X 312807  Y 229515
X 328110  Y 231909
X 317161  Y 251535
X 310122  Y 251535
X 312807  Y 254413
X 328110  Y 254842
X 312165  Y 286456
X 340157  Y 260157
X 337992  Y 254842
X 331496  Y 254842
X 334842  Y 254685
X 330511  Y 234381
X 335826  Y 232952
X 340354  Y 226377
X 330511  Y 225787
X 332480  Y 216456
X 336417  Y 214496
X 330511  Y 214370
X 340944  Y 211102
X 352232  Y 203688
X 354291  Y 201500
X 341732  Y 197834
X 332480  Y 195275
X 352311  Y 190039
X 348937  Y 187204
X 330570  Y 183137
X 340354  Y 181653
X 338385  Y 178503
X 331110  Y 175370
X 331110  Y 164649
X 338775  Y 156629
X 339224  Y 137200
X 353905  Y 136133
X 342429  Y 134909
X 350944  Y 128661
X 338346  Y 115984
X 337834  Y 107086
X 362952  Y 111417
X 362952  Y 120157
X 378877  Y 193952
X 363976  Y 198188
X 366614  Y 201692
X 361496  Y 209645
X 358897  Y 211614
X 356929  Y 226102
X 378877  Y 233169
X 363976  Y 255236
X 373740  Y 259251
X 368661  Y 261968
X 378543  Y 263464
X 378417  Y 278413
X 363000  Y 280500
X 355905  Y 282480
X 358740  Y 284842
X 390000  Y 275000
X 385000  Y 275000
X 395000  Y 275000
X 400000  Y 275000
X 385000  Y 270000
X 390000  Y 270000
X 395000  Y 270000
X 400000  Y 270000
X 382094  Y 230559
X 392283  Y 225232
X 385236  Y 190039
X 389027  Y 189917
X 389027  Y 186208
X 381653  Y 184881
X 385338  Y 139488
X 425000  Y 140000
X 425000  Y 145000
X 425000  Y 150000
X 425000  Y 155000
X 425000  Y 160000
X 425000  Y 165000
X 425000  Y 170000
X 425000  Y 175000
X 425000  Y 180000
X 425000  Y 185000
X 426027  Y 189185
X 426027  Y 255645
X 420000  Y 270000
X 425000  Y 270000
X 415000  Y 270000
X 410000  Y 270000
X 405000  Y 270000
X 425000  Y 275000
X 410000  Y 275000
X 405000  Y 275000
X 420000  Y 275000
X 415000  Y 275000
X 420000  Y 280000
X 425000  Y 280000
X 412204  Y 282204
X 420000  Y 285000
X 425000  Y 285000
X 425000  Y 310000
X 420000  Y 310000
X 425000  Y 315000
X 420000  Y 315000
X 430000  Y 315000
X 450000  Y 315000
X 445000  Y 315000
X 440000  Y 315000
X 435000  Y 315000
X 430000  Y 310000
X 450000  Y 310000
X 445000  Y 310000
X 435000  Y 310000
X 440000  Y 310000
X 445000  Y 300000
X 440000  Y 300000
X 450000  Y 300000
X 450000  Y 295000
X 445000  Y 295000
X 440000  Y 295000
X 450000  Y 290000
X 445000  Y 290000
X 440000  Y 290000
X 430000  Y 285000
X 435000  Y 285000
X 440000  Y 285000
X 445000  Y 285000
X 450000  Y 285000
X 450000  Y 280000
X 445000  Y 280000
X 440000  Y 280000
X 435000  Y 280000
X 430000  Y 280000
X 450000  Y 275000
X 435000  Y 275000
X 440000  Y 275000
X 430000  Y 275000
X 445000  Y 275000
X 440000  Y 270000
X 445000  Y 270000
X 450000  Y 270000
X 435000  Y 270000
X 430000  Y 270000
X 430000  Y 250000
X 440000  Y 250000
X 435000  Y 250000
X 435000  Y 245000
X 440000  Y 245000
X 430000  Y 245000
X 435000  Y 240000
X 440000  Y 240000
X 430000  Y 240000
X 442255  Y 228200
X 430000  Y 205000
X 435000  Y 205000
X 430000  Y 200000
X 435000  Y 200000
X 430000  Y 195000
X 435000  Y 195000
X 435000  Y 190000
X 430000  Y 190000
X 435000  Y 185000
X 430000  Y 185000
X 430000  Y 180000
X 430000  Y 175000
X 435000  Y 175000
X 435000  Y 170000
X 430000  Y 170000
X 435000  Y 165000
X 430000  Y 165000
X 430000  Y 160000
X 435000  Y 160000
X 430000  Y 155000
X 435000  Y 155000
X 435000  Y 150000
X 430000  Y 150000
X 435000  Y 145000
X 430000  Y 145000
X 435000  Y 140000
X 430000  Y 140000
X 465000  Y 105000
X 470000  Y 105000
X 460000  Y 110000
X 465000  Y 110000
X 470000  Y 110000
X 465000  Y 115000
X 470000  Y 115000
X 460000  Y 115000
X 465000  Y 120000
X 470000  Y 120000
X 460000  Y 120000
X 460000  Y 125000
X 465000  Y 125000
X 470000  Y 125000
X 465000  Y 130000
X 460000  Y 130000
X 475000  Y 130000
X 470000  Y 130000
X 460000  Y 135000
X 460000  Y 140000
X 460000  Y 145000
X 460000  Y 150000
X 465000  Y 155000
X 470000  Y 155000
X 460000  Y 155000
X 475000  Y 155000
X 460000  Y 160000
X 475000  Y 160000
X 465000  Y 160000
X 470000  Y 160000
X 475000  Y 165000
X 460000  Y 165000
X 465000  Y 165000
X 470000  Y 165000
X 475000  Y 170000
X 475000  Y 175000
X 475000  Y 265000
X 475000  Y 270000
X 475000  Y 275000
X 465000  Y 300000
X 470000  Y 300000
X 465000  Y 305000
X 470000  Y 305000
X 455000  Y 310000
X 470000  Y 310000
X 465000  Y 310000
X 455000  Y 315000
X 465000  Y 315000
X 470000  Y 315000
X 470000  Y 320000
X 465000  Y 320000
X 470000  Y 325000
X 465000  Y 325000
X 490000  Y 300000
X 485000  Y 300000
X 495000  Y 300000
X 485000  Y 295000
X 495000  Y 295000
X 490000  Y 295000
X 485000  Y 290000
X 495000  Y 290000
X 490000  Y 290000
X 495000  Y 285000
X 485000  Y 285000
X 490000  Y 285000
X 490000  Y 280000
X 485000  Y 280000
X 495000  Y 280000
X 480000  Y 275000
X 485000  Y 275000
X 490000  Y 275000
X 495000  Y 275000
X 480000  Y 270000
X 490000  Y 270000
X 485000  Y 270000
X 495000  Y 270000
X 490000  Y 265000
X 495000  Y 265000
X 485000  Y 265000
X 480000  Y 265000
X 480000  Y 185000
X 480000  Y 180000
X 480000  Y 175000
X 480000  Y 170000
X 480000  Y 165000
X 480000  Y 160000
X 480000  Y 155000
X 495000  Y 140000
X 490000  Y 140000
X 485000  Y 140000
X 495000  Y 135000
X 490000  Y 135000
X 485000  Y 135000
X 485000  Y 130000
X 490000  Y 130000
X 480000  Y 130000
X 495000  Y 130000

Drill: .01575  Tool: 2  Feed: 95  Speed: 300
X 151929  Y 163110
X 151929  Y 175984
X 148858  Y 200748
X 171811  Y 210236
X 148858  Y 227204
X 253937  Y 221850
X 204251  Y 176377
X 253937  Y 175236
X 229960  Y 139921
X 250196  Y 139448
X 235744  Y 113255
X 265271  Y 175236
X 296015  Y 209000
X 296015  Y 232358
X 294763  Y 317637
X 327519  Y 317637
X 371259  Y 320669
X 395472  Y 306673
X 331377  Y 158669
X 331377  Y 125984
X 429212  Y 108425
X 415236  Y 213228
X 464685  Y 225944
X 419881  Y 237007
X 464685  Y 248031
X 458255  Y 298078

Drill: .01969  Tool: 3  Feed: 95  Speed: 300
X 211417  Y 139921
X 206496  Y 139921
X 281889  Y 107874
X 286811  Y 107874
X 291732  Y 107874
X 296653  Y 107874
X 442677  Y 107401
X 447598  Y 107401

Drill: .0315  Tool: 4  Feed: 197  Speed: 550
X 134645  Y 175708
X 134645  Y 185708
X 134645  Y 234763
X 134645  Y 244763
X 415236  Y 198425
X 405236  Y 198425
X 415236  Y 182677
X 405236  Y 182677
X 415236  Y 166929
X 405236  Y 166929
X 415236  Y 151181
X 405236  Y 151181
X 439094  Y 136181
X 450905  Y 136181
X 439370  Y 179527
X 469291  Y 179527

Drill: .03543  Tool: 5  Feed: 197  Speed: 550
X 151988  Y 248444
X 151988  Y 258444
X 151988  Y 268444
X 151988  Y 278444
X 151988  Y 288444
X 151988  Y 298444
X 151988  Y 308444
X 151988  Y 318444
X 386220  Y 291732
X 386220  Y 261732

Drill: .03937  Tool: 6  Feed: 197  Speed: 550
X 204527  Y 114173
X 222244  Y 114173
X 397055  Y 114637
X 414771  Y 114637

Drill: .05118  Tool: 7  Feed: 107  Speed: 550
X 199606  Y 124015
X 227165  Y 124015
X 392133  Y 124480
X 419692  Y 124480

Drill: .09843  Tool: 8  Feed: 66  Speed: 550
X 120098  Y 142500
X 120098  Y 287500
X 472299  Y 287500
X 472299  Y 142500

Drill: .11811  Tool: 9  Feed: 69  Speed: 658
X 426771  Y 295866

End of Listing
